[debug] [2022-02-01T21:51:58.908Z] ----------------------------------------------------------------------
[debug] [2022-02-01T21:51:58.912Z] Command:       C:\Program Files\nodejs\node.exe C:\Users\theDowidar\AppData\Roaming\npm\node_modules\firebase-tools\lib\bin\firebase.js emulators:start
[debug] [2022-02-01T21:51:58.913Z] CLI Version:   10.1.2
[debug] [2022-02-01T21:51:58.913Z] Platform:      win32
[debug] [2022-02-01T21:51:58.913Z] Node Version:  v14.17.6
[debug] [2022-02-01T21:51:58.915Z] Time:          Tue Feb 01 2022 15:51:58 GMT-0600 (Central Standard Time)
[debug] [2022-02-01T21:51:58.915Z] ----------------------------------------------------------------------
[debug] 
[debug] [2022-02-01T21:51:59.053Z] > command requires scopes: ["email","openid","https://www.googleapis.com/auth/cloudplatformprojects.readonly","https://www.googleapis.com/auth/firebase","https://www.googleapis.com/auth/cloud-platform"]
[debug] [2022-02-01T21:51:59.053Z] > authorizing via signed-in user (a7mad.dowidar@gmail.com)
[info] i  emulators: Starting emulators: functions, hosting {"metadata":{"emulator":{"name":"hub"},"message":"Starting emulators: functions, hosting"}}
[warn] !  emulators: It seems that you are running multiple instances of the emulator suite for project clone-f413b. This may result in unexpected behavior. 
[debug] [2022-02-01T21:51:59.133Z] [hub] writing locator at C:\Users\THEDOW~1\AppData\Local\Temp\hub-clone-f413b.json
[warn] !  functions: The following emulators are not running, calls to these services from the Functions emulator will affect production: auth, firestore, database, pubsub, storage {"metadata":{"emulator":{"name":"functions"},"message":"The following emulators are not running, calls to these services from the Functions emulator will affect production: \u001b[1mauth, firestore, database, pubsub, storage\u001b[22m"}}
[warn] !  Your requested "node" version "16" doesn't match your global version "14" {"metadata":{"emulator":{"name":"functions"},"message":"Your requested \"node\" version \"16\" doesn't match your global version \"14\""}}
[debug] [2022-02-01T21:51:59.185Z] defaultcredentials: writing to file C:\Users\theDowidar\AppData\Roaming\firebase\a7mad_dowidar_gmail.com_application_default_credentials.json
[debug] [2022-02-01T21:51:59.187Z] Setting GAC to C:\Users\theDowidar\AppData\Roaming\firebase\a7mad_dowidar_gmail.com_application_default_credentials.json {"metadata":{"emulator":{"name":"functions"},"message":"Setting GAC to C:\\Users\\theDowidar\\AppData\\Roaming\\firebase\\a7mad_dowidar_gmail.com_application_default_credentials.json"}}
[debug] [2022-02-01T21:51:59.193Z] > refreshing access token with scopes: []
[debug] [2022-02-01T21:51:59.194Z] >>> HTTP REQUEST POST https://www.googleapis.com/oauth2/v3/token  
 <request body omitted>
